build/app/intermediates/manifest_merge_blame_file/debug/manifest-merger-blame-debug-report.txt
1<?xml version="1.0" encoding="utf-8"?>
2<manifest xmlns:android="http://schemas.android.com/apk/res/android"
3    package="com.example.alerto24"
4    android:versionCode="1"
5    android:versionName="1.0.0" >
6
7    <uses-sdk
8        android:minSdkVersion="21"
9        android:targetSdkVersion="32" />
10    <!--
11         The INTERNET permission is required for development. Specifically,
12         the Flutter tool needs it to communicate with the running application
13         to allow setting breakpoints, to provide hot reload, etc.
14    -->
15    <uses-permission android:name="android.permission.INTERNET" />
15-->src/debug/AndroidManifest.xml:7:5-66
15-->src/debug/AndroidManifest.xml:7:22-64
16    <uses-permission android:name="android.permission.ACCESS_NETWORK_STATE" />
16-->[com.google.firebase:firebase-auth:21.0.7] AndroidManifest.xml:24:5-79
16-->[com.google.firebase:firebase-auth:21.0.7] AndroidManifest.xml:24:22-76
17
18    <queries>
18-->[com.facebook.android:facebook-common:14.1.1] AndroidManifest.xml:29:5-31:15
19        <package android:name="com.facebook.katana" />
19-->[com.facebook.android:facebook-common:14.1.1] AndroidManifest.xml:30:9-55
19-->[com.facebook.android:facebook-common:14.1.1] AndroidManifest.xml:30:18-52
20    </queries>
21
22    <uses-permission android:name="com.google.android.gms.permission.AD_ID" />
22-->[com.facebook.android:facebook-core:14.1.1] AndroidManifest.xml:28:5-79
22-->[com.facebook.android:facebook-core:14.1.1] AndroidManifest.xml:28:22-76
23    <uses-permission android:name="com.google.android.finsky.permission.BIND_GET_INSTALL_REFERRER_SERVICE" />
23-->[com.android.installreferrer:installreferrer:1.0] AndroidManifest.xml:9:5-110
23-->[com.android.installreferrer:installreferrer:1.0] AndroidManifest.xml:9:22-107
24
25    <application
26        android:name="io.flutter.app.FlutterMultiDexApplication"
27        android:appComponentFactory="androidx.core.app.CoreComponentFactory"
27-->[androidx.core:core:1.7.0] AndroidManifest.xml:24:18-86
28        android:debuggable="true"
29        android:icon="@mipmap/ic_launcher"
30        android:label="alerto24"
31        android:supportsRtl="true" >
31-->[com.facebook.android:facebook-login:14.1.1] AndroidManifest.xml:28:18-44
32        <activity
33            android:name="com.example.alerto24.MainActivity"
34            android:configChanges="orientation|keyboardHidden|keyboard|screenSize|smallestScreenSize|locale|layoutDirection|fontScale|screenLayout|density|uiMode"
35            android:exported="true"
36            android:hardwareAccelerated="true"
37            android:launchMode="singleTop"
38            android:theme="@style/LaunchTheme"
39            android:windowSoftInputMode="adjustResize" >
40
41            <!--
42                 Specifies an Android theme to apply to this Activity as soon as
43                 the Android process has started. This theme is visible to the user
44                 while the Flutter UI initializes. After that, this theme continues
45                 to determine the Window background behind the Flutter UI.
46            -->
47            <meta-data
48                android:name="io.flutter.embedding.android.NormalTheme"
49                android:resource="@style/NormalTheme" />
50
51            <intent-filter>
52                <action android:name="android.intent.action.MAIN" />
53
54                <category android:name="android.intent.category.LAUNCHER" />
55            </intent-filter>
56        </activity>
57        <!--
58             Don't delete the meta-data below.
59             This is used by the Flutter tool to generate GeneratedPluginRegistrant.java
60        -->
61        <meta-data
62            android:name="flutterEmbedding"
63            android:value="2" />
64
65        <service
65-->[:firebase_auth] AndroidManifest.xml:10:9-14:19
66            android:name="com.google.firebase.components.ComponentDiscoveryService"
66-->[:firebase_auth] AndroidManifest.xml:10:18-89
67            android:directBootAware="true"
67-->[com.google.firebase:firebase-common:20.1.1] AndroidManifest.xml:35:13-43
68            android:exported="false" >
68-->[com.google.firebase:firebase-auth:21.0.7] AndroidManifest.xml:66:13-37
69            <meta-data
69-->[:firebase_auth] AndroidManifest.xml:11:13-13:85
70                android:name="com.google.firebase.components:io.flutter.plugins.firebase.auth.FlutterFirebaseAuthRegistrar"
70-->[:firebase_auth] AndroidManifest.xml:12:17-124
71                android:value="com.google.firebase.components.ComponentRegistrar" />
71-->[:firebase_auth] AndroidManifest.xml:13:17-82
72            <meta-data
72-->[:firebase_database] AndroidManifest.xml:11:13-13:85
73                android:name="com.google.firebase.components:io.flutter.plugins.firebase.database.FlutterFirebaseAppRegistrar"
73-->[:firebase_database] AndroidManifest.xml:12:17-127
74                android:value="com.google.firebase.components.ComponentRegistrar" />
74-->[:firebase_database] AndroidManifest.xml:13:17-82
75            <meta-data
75-->[:cloud_firestore] AndroidManifest.xml:11:13-13:85
76                android:name="com.google.firebase.components:io.flutter.plugins.firebase.firestore.FlutterFirebaseFirestoreRegistrar"
76-->[:cloud_firestore] AndroidManifest.xml:12:17-134
77                android:value="com.google.firebase.components.ComponentRegistrar" />
77-->[:cloud_firestore] AndroidManifest.xml:13:17-82
78            <meta-data
78-->[:firebase_core] AndroidManifest.xml:11:13-13:85
79                android:name="com.google.firebase.components:io.flutter.plugins.firebase.core.FlutterFirebaseCoreRegistrar"
79-->[:firebase_core] AndroidManifest.xml:12:17-124
80                android:value="com.google.firebase.components.ComponentRegistrar" />
80-->[:firebase_core] AndroidManifest.xml:13:17-82
81            <meta-data
81-->[com.google.firebase:firebase-auth:21.0.7] AndroidManifest.xml:67:13-69:85
82                android:name="com.google.firebase.components:com.google.firebase.auth.FirebaseAuthRegistrar"
82-->[com.google.firebase:firebase-auth:21.0.7] AndroidManifest.xml:68:17-109
83                android:value="com.google.firebase.components.ComponentRegistrar" />
83-->[com.google.firebase:firebase-auth:21.0.7] AndroidManifest.xml:69:17-82
84            <meta-data
84-->[com.google.firebase:firebase-firestore:24.2.2] AndroidManifest.xml:20:13-22:85
85                android:name="com.google.firebase.components:com.google.firebase.firestore.FirestoreRegistrar"
85-->[com.google.firebase:firebase-firestore:24.2.2] AndroidManifest.xml:21:17-111
86                android:value="com.google.firebase.components.ComponentRegistrar" />
86-->[com.google.firebase:firebase-firestore:24.2.2] AndroidManifest.xml:22:17-82
87            <meta-data
87-->[com.google.firebase:firebase-database:20.0.5] AndroidManifest.xml:32:13-34:85
88                android:name="com.google.firebase.components:com.google.firebase.database.DatabaseRegistrar"
88-->[com.google.firebase:firebase-database:20.0.5] AndroidManifest.xml:33:17-109
89                android:value="com.google.firebase.components.ComponentRegistrar" />
89-->[com.google.firebase:firebase-database:20.0.5] AndroidManifest.xml:34:17-82
90        </service>
91
92        <uses-library
92-->[androidx.window:window:1.0.0-beta04] AndroidManifest.xml:25:9-27:40
93            android:name="androidx.window.extensions"
93-->[androidx.window:window:1.0.0-beta04] AndroidManifest.xml:26:13-54
94            android:required="false" />
94-->[androidx.window:window:1.0.0-beta04] AndroidManifest.xml:27:13-37
95        <uses-library
95-->[androidx.window:window:1.0.0-beta04] AndroidManifest.xml:28:9-30:40
96            android:name="androidx.window.sidecar"
96-->[androidx.window:window:1.0.0-beta04] AndroidManifest.xml:29:13-51
97            android:required="false" />
97-->[androidx.window:window:1.0.0-beta04] AndroidManifest.xml:30:13-37
98
99        <activity
99-->[com.google.firebase:firebase-auth:21.0.7] AndroidManifest.xml:27:9-44:20
100            android:name="com.google.firebase.auth.internal.GenericIdpActivity"
100-->[com.google.firebase:firebase-auth:21.0.7] AndroidManifest.xml:28:13-80
101            android:excludeFromRecents="true"
101-->[com.google.firebase:firebase-auth:21.0.7] AndroidManifest.xml:29:13-46
102            android:exported="true"
102-->[com.google.firebase:firebase-auth:21.0.7] AndroidManifest.xml:30:13-36
103            android:launchMode="singleTask"
103-->[com.google.firebase:firebase-auth:21.0.7] AndroidManifest.xml:31:13-44
104            android:theme="@android:style/Theme.Translucent.NoTitleBar" >
104-->[com.google.firebase:firebase-auth:21.0.7] AndroidManifest.xml:32:13-72
105            <intent-filter>
105-->[com.google.firebase:firebase-auth:21.0.7] AndroidManifest.xml:33:13-43:29
106                <action android:name="android.intent.action.VIEW" />
106-->[com.google.firebase:firebase-auth:21.0.7] AndroidManifest.xml:34:17-69
106-->[com.google.firebase:firebase-auth:21.0.7] AndroidManifest.xml:34:25-66
107
108                <category android:name="android.intent.category.DEFAULT" />
108-->[com.google.firebase:firebase-auth:21.0.7] AndroidManifest.xml:36:17-76
108-->[com.google.firebase:firebase-auth:21.0.7] AndroidManifest.xml:36:27-73
109                <category android:name="android.intent.category.BROWSABLE" />
109-->[com.google.firebase:firebase-auth:21.0.7] AndroidManifest.xml:37:17-78
109-->[com.google.firebase:firebase-auth:21.0.7] AndroidManifest.xml:37:27-75
110
111                <data
111-->[com.google.firebase:firebase-auth:21.0.7] AndroidManifest.xml:39:17-42:51
112                    android:host="firebase.auth"
112-->[com.google.firebase:firebase-auth:21.0.7] AndroidManifest.xml:40:21-49
113                    android:path="/"
113-->[com.google.firebase:firebase-auth:21.0.7] AndroidManifest.xml:41:21-37
114                    android:scheme="genericidp" />
114-->[com.google.firebase:firebase-auth:21.0.7] AndroidManifest.xml:42:21-48
115            </intent-filter>
116        </activity>
117        <activity
117-->[com.google.firebase:firebase-auth:21.0.7] AndroidManifest.xml:45:9-62:20
118            android:name="com.google.firebase.auth.internal.RecaptchaActivity"
118-->[com.google.firebase:firebase-auth:21.0.7] AndroidManifest.xml:46:13-79
119            android:excludeFromRecents="true"
119-->[com.google.firebase:firebase-auth:21.0.7] AndroidManifest.xml:47:13-46
120            android:exported="true"
120-->[com.google.firebase:firebase-auth:21.0.7] AndroidManifest.xml:48:13-36
121            android:launchMode="singleTask"
121-->[com.google.firebase:firebase-auth:21.0.7] AndroidManifest.xml:49:13-44
122            android:theme="@android:style/Theme.Translucent.NoTitleBar" >
122-->[com.google.firebase:firebase-auth:21.0.7] AndroidManifest.xml:50:13-72
123            <intent-filter>
123-->[com.google.firebase:firebase-auth:21.0.7] AndroidManifest.xml:51:13-61:29
124                <action android:name="android.intent.action.VIEW" />
124-->[com.google.firebase:firebase-auth:21.0.7] AndroidManifest.xml:34:17-69
124-->[com.google.firebase:firebase-auth:21.0.7] AndroidManifest.xml:34:25-66
125
126                <category android:name="android.intent.category.DEFAULT" />
126-->[com.google.firebase:firebase-auth:21.0.7] AndroidManifest.xml:36:17-76
126-->[com.google.firebase:firebase-auth:21.0.7] AndroidManifest.xml:36:27-73
127                <category android:name="android.intent.category.BROWSABLE" />
127-->[com.google.firebase:firebase-auth:21.0.7] AndroidManifest.xml:37:17-78
127-->[com.google.firebase:firebase-auth:21.0.7] AndroidManifest.xml:37:27-75
128
129                <data
129-->[com.google.firebase:firebase-auth:21.0.7] AndroidManifest.xml:39:17-42:51
130                    android:host="firebase.auth"
130-->[com.google.firebase:firebase-auth:21.0.7] AndroidManifest.xml:40:21-49
131                    android:path="/"
131-->[com.google.firebase:firebase-auth:21.0.7] AndroidManifest.xml:41:21-37
132                    android:scheme="recaptcha" />
132-->[com.google.firebase:firebase-auth:21.0.7] AndroidManifest.xml:42:21-48
133            </intent-filter>
134        </activity>
135
136        <provider
136-->[com.google.firebase:firebase-common:20.1.1] AndroidManifest.xml:26:9-31:39
137            android:name="com.google.firebase.provider.FirebaseInitProvider"
137-->[com.google.firebase:firebase-common:20.1.1] AndroidManifest.xml:27:13-77
138            android:authorities="com.example.alerto24.firebaseinitprovider"
138-->[com.google.firebase:firebase-common:20.1.1] AndroidManifest.xml:28:13-72
139            android:directBootAware="true"
139-->[com.google.firebase:firebase-common:20.1.1] AndroidManifest.xml:29:13-43
140            android:exported="false"
140-->[com.google.firebase:firebase-common:20.1.1] AndroidManifest.xml:30:13-37
141            android:initOrder="100" />
141-->[com.google.firebase:firebase-common:20.1.1] AndroidManifest.xml:31:13-36
142
143        <activity
143-->[com.facebook.android:facebook-common:14.1.1] AndroidManifest.xml:34:9-37:66
144            android:name="com.facebook.FacebookActivity"
144-->[com.facebook.android:facebook-common:14.1.1] AndroidManifest.xml:35:13-57
145            android:configChanges="keyboard|keyboardHidden|screenLayout|screenSize|orientation"
145-->[com.facebook.android:facebook-common:14.1.1] AndroidManifest.xml:36:13-96
146            android:theme="@style/com_facebook_activity_theme" />
146-->[com.facebook.android:facebook-common:14.1.1] AndroidManifest.xml:37:13-63
147        <activity android:name="com.facebook.CustomTabMainActivity" />
147-->[com.facebook.android:facebook-common:14.1.1] AndroidManifest.xml:38:9-71
147-->[com.facebook.android:facebook-common:14.1.1] AndroidManifest.xml:38:19-68
148        <activity
148-->[com.facebook.android:facebook-common:14.1.1] AndroidManifest.xml:39:9-53:20
149            android:name="com.facebook.CustomTabActivity"
149-->[com.facebook.android:facebook-common:14.1.1] AndroidManifest.xml:40:13-58
150            android:exported="true" >
150-->[com.facebook.android:facebook-common:14.1.1] AndroidManifest.xml:41:13-36
151            <intent-filter>
151-->[com.facebook.android:facebook-common:14.1.1] AndroidManifest.xml:43:13-52:29
152                <action android:name="android.intent.action.VIEW" />
152-->[com.google.firebase:firebase-auth:21.0.7] AndroidManifest.xml:34:17-69
152-->[com.google.firebase:firebase-auth:21.0.7] AndroidManifest.xml:34:25-66
153
154                <category android:name="android.intent.category.DEFAULT" />
154-->[com.google.firebase:firebase-auth:21.0.7] AndroidManifest.xml:36:17-76
154-->[com.google.firebase:firebase-auth:21.0.7] AndroidManifest.xml:36:27-73
155                <category android:name="android.intent.category.BROWSABLE" />
155-->[com.google.firebase:firebase-auth:21.0.7] AndroidManifest.xml:37:17-78
155-->[com.google.firebase:firebase-auth:21.0.7] AndroidManifest.xml:37:27-75
156
157                <data
157-->[com.google.firebase:firebase-auth:21.0.7] AndroidManifest.xml:39:17-42:51
158                    android:host="cct.com.example.alerto24"
158-->[com.google.firebase:firebase-auth:21.0.7] AndroidManifest.xml:40:21-49
159                    android:scheme="fbconnect" />
159-->[com.google.firebase:firebase-auth:21.0.7] AndroidManifest.xml:42:21-48
160            </intent-filter>
161        </activity>
162        <activity
162-->[com.google.android.gms:play-services-auth:20.0.1] AndroidManifest.xml:23:9-27:75
163            android:name="com.google.android.gms.auth.api.signin.internal.SignInHubActivity"
163-->[com.google.android.gms:play-services-auth:20.0.1] AndroidManifest.xml:24:13-93
164            android:excludeFromRecents="true"
164-->[com.google.android.gms:play-services-auth:20.0.1] AndroidManifest.xml:25:13-46
165            android:exported="false"
165-->[com.google.android.gms:play-services-auth:20.0.1] AndroidManifest.xml:26:13-37
166            android:theme="@android:style/Theme.Translucent.NoTitleBar" />
166-->[com.google.android.gms:play-services-auth:20.0.1] AndroidManifest.xml:27:13-72
167        <!--
168            Service handling Google Sign-In user revocation. For apps that do not integrate with
169            Google Sign-In, this service will never be started.
170        -->
171        <service
171-->[com.google.android.gms:play-services-auth:20.0.1] AndroidManifest.xml:33:9-37:51
172            android:name="com.google.android.gms.auth.api.signin.RevocationBoundService"
172-->[com.google.android.gms:play-services-auth:20.0.1] AndroidManifest.xml:34:13-89
173            android:exported="true"
173-->[com.google.android.gms:play-services-auth:20.0.1] AndroidManifest.xml:35:13-36
174            android:permission="com.google.android.gms.auth.api.signin.permission.REVOCATION_NOTIFICATION"
174-->[com.google.android.gms:play-services-auth:20.0.1] AndroidManifest.xml:36:13-107
175            android:visibleToInstantApps="true" />
175-->[com.google.android.gms:play-services-auth:20.0.1] AndroidManifest.xml:37:13-48
176
177        <activity
177-->[com.google.android.gms:play-services-base:18.0.1] AndroidManifest.xml:20:9-22:45
178            android:name="com.google.android.gms.common.api.GoogleApiActivity"
178-->[com.google.android.gms:play-services-base:18.0.1] AndroidManifest.xml:20:19-85
179            android:exported="false"
179-->[com.google.android.gms:play-services-base:18.0.1] AndroidManifest.xml:22:19-43
180            android:theme="@android:style/Theme.Translucent.NoTitleBar" />
180-->[com.google.android.gms:play-services-base:18.0.1] AndroidManifest.xml:21:19-78
181
182        <meta-data
182-->[com.google.android.gms:play-services-basement:18.0.0] AndroidManifest.xml:21:9-23:69
183            android:name="com.google.android.gms.version"
183-->[com.google.android.gms:play-services-basement:18.0.0] AndroidManifest.xml:22:13-58
184            android:value="@integer/google_play_services_version" />
184-->[com.google.android.gms:play-services-basement:18.0.0] AndroidManifest.xml:23:13-66
185        <!--
186         The initialization ContentProvider will call FacebookSdk.sdkInitialize automatically
187         with the application context. This config is merged in with the host app's manifest,
188         but there can only be one provider with the same authority activated at any given
189         point; so if the end user has two or more different apps that use Facebook SDK, only the
190         first one will be able to use the provider. To work around this problem, we use the
191         following placeholder in the authority to identify each host application as if it was
192         a completely different provider.
193        -->
194        <provider
194-->[com.facebook.android:facebook-core:14.1.1] AndroidManifest.xml:41:9-44:40
195            android:name="com.facebook.internal.FacebookInitProvider"
195-->[com.facebook.android:facebook-core:14.1.1] AndroidManifest.xml:42:13-70
196            android:authorities="com.example.alerto24.FacebookInitProvider"
196-->[com.facebook.android:facebook-core:14.1.1] AndroidManifest.xml:43:13-72
197            android:exported="false" />
197-->[com.facebook.android:facebook-core:14.1.1] AndroidManifest.xml:44:13-37
198
199        <receiver
199-->[com.facebook.android:facebook-core:14.1.1] AndroidManifest.xml:46:9-52:20
200            android:name="com.facebook.CurrentAccessTokenExpirationBroadcastReceiver"
200-->[com.facebook.android:facebook-core:14.1.1] AndroidManifest.xml:47:13-86
201            android:exported="false" >
201-->[com.facebook.android:facebook-core:14.1.1] AndroidManifest.xml:48:13-37
202            <intent-filter>
202-->[com.facebook.android:facebook-core:14.1.1] AndroidManifest.xml:49:13-51:29
203                <action android:name="com.facebook.sdk.ACTION_CURRENT_ACCESS_TOKEN_CHANGED" />
203-->[com.facebook.android:facebook-core:14.1.1] AndroidManifest.xml:50:17-95
203-->[com.facebook.android:facebook-core:14.1.1] AndroidManifest.xml:50:25-92
204            </intent-filter>
205        </receiver>
206        <receiver
206-->[com.facebook.android:facebook-core:14.1.1] AndroidManifest.xml:53:9-59:20
207            android:name="com.facebook.AuthenticationTokenManager$CurrentAuthenticationTokenChangedBroadcastReceiver"
207-->[com.facebook.android:facebook-core:14.1.1] AndroidManifest.xml:54:13-118
208            android:exported="false" >
208-->[com.facebook.android:facebook-core:14.1.1] AndroidManifest.xml:55:13-37
209            <intent-filter>
209-->[com.facebook.android:facebook-core:14.1.1] AndroidManifest.xml:56:13-58:29
210                <action android:name="com.facebook.sdk.ACTION_CURRENT_AUTHENTICATION_TOKEN_CHANGED" />
210-->[com.facebook.android:facebook-core:14.1.1] AndroidManifest.xml:57:17-103
210-->[com.facebook.android:facebook-core:14.1.1] AndroidManifest.xml:57:25-100
211            </intent-filter>
212        </receiver>
213    </application>
214
215</manifest>